[debug] [2022-06-24T02:25:53.503Z] ----------------------------------------------------------------------
[debug] [2022-06-24T02:25:53.504Z] Command:       /home/user/.nvm/versions/node/v16.14.2/bin/node /home/user/.nvm/versions/node/v16.14.2/bin/firebase init
[debug] [2022-06-24T02:25:53.505Z] CLI Version:   11.1.0
[debug] [2022-06-24T02:25:53.505Z] Platform:      linux
[debug] [2022-06-24T02:25:53.505Z] Node Version:  v16.14.2
[debug] [2022-06-24T02:25:53.505Z] Time:          Fri Jun 24 2022 10:25:53 GMT+0800 (Ulaanbaatar Standard Time)
[debug] [2022-06-24T02:25:53.505Z] ----------------------------------------------------------------------
[debug] 
[debug] [2022-06-24T02:25:53.510Z] > command requires scopes: ["email","openid","https://www.googleapis.com/auth/cloudplatformprojects.readonly","https://www.googleapis.com/auth/firebase","https://www.googleapis.com/auth/cloud-platform"]
[debug] [2022-06-24T02:25:53.510Z] > authorizing via signed-in user (g.zamka1@gmail.com)
[info] 
     ######## #### ########  ######## ########     ###     ######  ########
     ##        ##  ##     ## ##       ##     ##  ##   ##  ##       ##
     ######    ##  ########  ######   ########  #########  ######  ######
     ##        ##  ##    ##  ##       ##     ## ##     ##       ## ##
     ##       #### ##     ## ######## ########  ##     ##  ######  ########

You're about to initialize a Firebase project in this directory:

  /home/user/Desktop/leap2/team1/admin

[info] 
=== Project Setup
[info] 
[info] First, let's associate this project directory with a Firebase project.
[info] You can create multiple project aliases by running firebase use --add, 
[info] but for now we'll just set up a default project.
[info] 
[debug] [2022-06-24T02:26:32.198Z] ----------------------------------------------------------------------
[debug] [2022-06-24T02:26:32.200Z] Command:       /home/user/.nvm/versions/node/v16.14.2/bin/node /home/user/.nvm/versions/node/v16.14.2/bin/firebase init
[debug] [2022-06-24T02:26:32.200Z] CLI Version:   11.1.0
[debug] [2022-06-24T02:26:32.200Z] Platform:      linux
[debug] [2022-06-24T02:26:32.200Z] Node Version:  v16.14.2
[debug] [2022-06-24T02:26:32.201Z] Time:          Fri Jun 24 2022 10:26:32 GMT+0800 (Ulaanbaatar Standard Time)
[debug] [2022-06-24T02:26:32.201Z] ----------------------------------------------------------------------
[debug] 
[debug] [2022-06-24T02:26:32.205Z] > command requires scopes: ["email","openid","https://www.googleapis.com/auth/cloudplatformprojects.readonly","https://www.googleapis.com/auth/firebase","https://www.googleapis.com/auth/cloud-platform"]
[debug] [2022-06-24T02:26:32.205Z] > authorizing via signed-in user (g.zamka1@gmail.com)
[info] 
     ######## #### ########  ######## ########     ###     ######  ########
     ##        ##  ##     ## ##       ##     ##  ##   ##  ##       ##
     ######    ##  ########  ######   ########  #########  ######  ######
     ##        ##  ##    ##  ##       ##     ## ##     ##       ## ##
     ##       #### ##     ## ######## ########  ##     ##  ######  ########

You're about to initialize a Firebase project in this directory:

  /home/user/Desktop/leap2/team1/admin

